DEB [20211129-16:14:39.570] thr=1   paramiko.transport: starting thread (client mode): 0x2601dc10
DEB [20211129-16:14:39.571] thr=1   paramiko.transport: Local version/idstring: SSH-2.0-paramiko_2.8.0
DEB [20211129-16:14:39.586] thr=1   paramiko.transport: Remote version/idstring: SSH-2.0-OpenSSH_8.2p1 Ubuntu-4ubuntu0.3
INF [20211129-16:14:39.586] thr=1   paramiko.transport: Connected (version 2.0, client OpenSSH_8.2p1)
DEB [20211129-16:14:39.588] thr=1   paramiko.transport: kex algos:['curve25519-sha256', 'curve25519-sha256@libssh.org', 'ecdh-sha2-nistp256', 'ecdh-sha2-nistp384', 'ecdh-sha2-nistp521', 'diffie-hellman-group-exchange-sha256', 'diffie-hellman-group16-sha512', 'diffie-hellman-group18-sha512', 'diffie-hellman-group14-sha256'] server key:['rsa-sha2-512', 'rsa-sha2-256', 'ssh-rsa', 'ecdsa-sha2-nistp256', 'ssh-ed25519'] client encrypt:['chacha20-poly1305@openssh.com', 'aes128-ctr', 'aes192-ctr', 'aes256-ctr', 'aes128-gcm@openssh.com', 'aes256-gcm@openssh.com'] server encrypt:['chacha20-poly1305@openssh.com', 'aes128-ctr', 'aes192-ctr', 'aes256-ctr', 'aes128-gcm@openssh.com', 'aes256-gcm@openssh.com'] client mac:['umac-64-etm@openssh.com', 'umac-128-etm@openssh.com', 'hmac-sha2-256-etm@openssh.com', 'hmac-sha2-512-etm@openssh.com', 'hmac-sha1-etm@openssh.com', 'umac-64@openssh.com', 'umac-128@openssh.com', 'hmac-sha2-256', 'hmac-sha2-512', 'hmac-sha1'] server mac:['umac-64-etm@openssh.com', 'umac-128-etm@openssh.com', 'hmac-sha2-256-etm@openssh.com', 'hmac-sha2-512-etm@openssh.com', 'hmac-sha1-etm@openssh.com', 'umac-64@openssh.com', 'umac-128@openssh.com', 'hmac-sha2-256', 'hmac-sha2-512', 'hmac-sha1'] client compress:['none', 'zlib@openssh.com'] server compress:['none', 'zlib@openssh.com'] client lang:[''] server lang:[''] kex follows?False
DEB [20211129-16:14:39.600] thr=1   paramiko.transport: Kex agreed: curve25519-sha256@libssh.org
DEB [20211129-16:14:39.600] thr=1   paramiko.transport: HostKey agreed: ssh-ed25519
DEB [20211129-16:14:39.600] thr=1   paramiko.transport: Cipher agreed: aes128-ctr
DEB [20211129-16:14:39.601] thr=1   paramiko.transport: MAC agreed: hmac-sha2-256
DEB [20211129-16:14:39.601] thr=1   paramiko.transport: Compression agreed: none
DEB [20211129-16:14:39.615] thr=1   paramiko.transport: kex engine KexCurve25519 specified hash_algo <built-in function openssl_sha256>
DEB [20211129-16:14:39.616] thr=1   paramiko.transport: Switch to new keys ...
DEB [20211129-16:14:39.616] thr=2   paramiko.transport: Adding ssh-ed25519 host key for 192.168.1.15: b'34a27412358b0e2edec90c5da4fa72a9'
DEB [20211129-16:14:39.692] thr=1   paramiko.transport: userauth is OK
INF [20211129-16:14:39.756] thr=1   paramiko.transport: Authentication (password) successful!
DEB [20211129-16:14:39.758] thr=2   paramiko.transport: [chan 0] Max packet in: 32768 bytes
DEB [20211129-16:14:40.656] thr=1   paramiko.transport: Received global request "hostkeys-00@openssh.com"
DEB [20211129-16:14:40.656] thr=1   paramiko.transport: Rejecting "hostkeys-00@openssh.com" global request from server.
DEB [20211129-16:14:40.696] thr=1   paramiko.transport: [chan 0] Max packet out: 32768 bytes
DEB [20211129-16:14:40.697] thr=1   paramiko.transport: Secsh channel 0 opened.
DEB [20211129-16:14:40.699] thr=1   paramiko.transport: [chan 0] Sesch channel 0 request ok
DEB [20211129-16:14:40.706] thr=1   paramiko.transport: [chan 0] EOF received (0)
DEB [20211129-16:14:40.706] thr=1   paramiko.transport: EOF in transport thread
DEB [20211129-16:14:40.707] thr=2   paramiko.transport: [chan 0] EOF sent (0)
DEB [20211129-16:14:40.707] thr=2   paramiko.transport: Dropping user packet because connection is dead.
DEB [20211129-16:15:02.243] thr=1   paramiko.transport: starting thread (client mode): 0x984aebe0
DEB [20211129-16:15:02.244] thr=1   paramiko.transport: Local version/idstring: SSH-2.0-paramiko_2.8.0
DEB [20211129-16:15:02.258] thr=1   paramiko.transport: Remote version/idstring: SSH-2.0-OpenSSH_8.2p1 Ubuntu-4ubuntu0.3
INF [20211129-16:15:02.258] thr=1   paramiko.transport: Connected (version 2.0, client OpenSSH_8.2p1)
DEB [20211129-16:15:02.260] thr=1   paramiko.transport: kex algos:['curve25519-sha256', 'curve25519-sha256@libssh.org', 'ecdh-sha2-nistp256', 'ecdh-sha2-nistp384', 'ecdh-sha2-nistp521', 'diffie-hellman-group-exchange-sha256', 'diffie-hellman-group16-sha512', 'diffie-hellman-group18-sha512', 'diffie-hellman-group14-sha256'] server key:['rsa-sha2-512', 'rsa-sha2-256', 'ssh-rsa', 'ecdsa-sha2-nistp256', 'ssh-ed25519'] client encrypt:['chacha20-poly1305@openssh.com', 'aes128-ctr', 'aes192-ctr', 'aes256-ctr', 'aes128-gcm@openssh.com', 'aes256-gcm@openssh.com'] server encrypt:['chacha20-poly1305@openssh.com', 'aes128-ctr', 'aes192-ctr', 'aes256-ctr', 'aes128-gcm@openssh.com', 'aes256-gcm@openssh.com'] client mac:['umac-64-etm@openssh.com', 'umac-128-etm@openssh.com', 'hmac-sha2-256-etm@openssh.com', 'hmac-sha2-512-etm@openssh.com', 'hmac-sha1-etm@openssh.com', 'umac-64@openssh.com', 'umac-128@openssh.com', 'hmac-sha2-256', 'hmac-sha2-512', 'hmac-sha1'] server mac:['umac-64-etm@openssh.com', 'umac-128-etm@openssh.com', 'hmac-sha2-256-etm@openssh.com', 'hmac-sha2-512-etm@openssh.com', 'hmac-sha1-etm@openssh.com', 'umac-64@openssh.com', 'umac-128@openssh.com', 'hmac-sha2-256', 'hmac-sha2-512', 'hmac-sha1'] client compress:['none', 'zlib@openssh.com'] server compress:['none', 'zlib@openssh.com'] client lang:[''] server lang:[''] kex follows?False
DEB [20211129-16:15:02.260] thr=1   paramiko.transport: Kex agreed: curve25519-sha256@libssh.org
DEB [20211129-16:15:02.261] thr=1   paramiko.transport: HostKey agreed: ssh-ed25519
DEB [20211129-16:15:02.261] thr=1   paramiko.transport: Cipher agreed: aes128-ctr
DEB [20211129-16:15:02.261] thr=1   paramiko.transport: MAC agreed: hmac-sha2-256
DEB [20211129-16:15:02.261] thr=1   paramiko.transport: Compression agreed: none
DEB [20211129-16:15:02.283] thr=1   paramiko.transport: kex engine KexCurve25519 specified hash_algo <built-in function openssl_sha256>
DEB [20211129-16:15:02.283] thr=1   paramiko.transport: Switch to new keys ...
DEB [20211129-16:15:02.284] thr=2   paramiko.transport: Adding ssh-ed25519 host key for 192.168.1.15: b'34a27412358b0e2edec90c5da4fa72a9'
DEB [20211129-16:15:02.362] thr=1   paramiko.transport: userauth is OK
INF [20211129-16:15:02.426] thr=1   paramiko.transport: Authentication (password) successful!
DEB [20211129-16:15:02.427] thr=2   paramiko.transport: [chan 0] Max packet in: 32768 bytes
DEB [20211129-16:15:03.134] thr=1   paramiko.transport: Received global request "hostkeys-00@openssh.com"
DEB [20211129-16:15:03.134] thr=1   paramiko.transport: Rejecting "hostkeys-00@openssh.com" global request from server.
DEB [20211129-16:15:03.174] thr=1   paramiko.transport: [chan 0] Max packet out: 32768 bytes
DEB [20211129-16:15:03.175] thr=1   paramiko.transport: Secsh channel 0 opened.
DEB [20211129-16:15:03.177] thr=1   paramiko.transport: [chan 0] Sesch channel 0 request ok
DEB [20211129-16:15:03.185] thr=1   paramiko.transport: [chan 0] EOF received (0)
DEB [20211129-16:15:03.186] thr=1   paramiko.transport: EOF in transport thread
DEB [20211129-16:15:03.186] thr=2   paramiko.transport: [chan 0] EOF sent (0)
DEB [20211129-16:15:03.187] thr=2   paramiko.transport: Dropping user packet because connection is dead.
DEB [20211129-16:16:06.418] thr=1   paramiko.transport: starting thread (client mode): 0xcbf5ebe0
DEB [20211129-16:16:06.419] thr=1   paramiko.transport: Local version/idstring: SSH-2.0-paramiko_2.8.0
DEB [20211129-16:16:06.434] thr=1   paramiko.transport: Remote version/idstring: SSH-2.0-OpenSSH_8.2p1 Ubuntu-4ubuntu0.3
INF [20211129-16:16:06.434] thr=1   paramiko.transport: Connected (version 2.0, client OpenSSH_8.2p1)
DEB [20211129-16:16:06.435] thr=1   paramiko.transport: kex algos:['curve25519-sha256', 'curve25519-sha256@libssh.org', 'ecdh-sha2-nistp256', 'ecdh-sha2-nistp384', 'ecdh-sha2-nistp521', 'diffie-hellman-group-exchange-sha256', 'diffie-hellman-group16-sha512', 'diffie-hellman-group18-sha512', 'diffie-hellman-group14-sha256'] server key:['rsa-sha2-512', 'rsa-sha2-256', 'ssh-rsa', 'ecdsa-sha2-nistp256', 'ssh-ed25519'] client encrypt:['chacha20-poly1305@openssh.com', 'aes128-ctr', 'aes192-ctr', 'aes256-ctr', 'aes128-gcm@openssh.com', 'aes256-gcm@openssh.com'] server encrypt:['chacha20-poly1305@openssh.com', 'aes128-ctr', 'aes192-ctr', 'aes256-ctr', 'aes128-gcm@openssh.com', 'aes256-gcm@openssh.com'] client mac:['umac-64-etm@openssh.com', 'umac-128-etm@openssh.com', 'hmac-sha2-256-etm@openssh.com', 'hmac-sha2-512-etm@openssh.com', 'hmac-sha1-etm@openssh.com', 'umac-64@openssh.com', 'umac-128@openssh.com', 'hmac-sha2-256', 'hmac-sha2-512', 'hmac-sha1'] server mac:['umac-64-etm@openssh.com', 'umac-128-etm@openssh.com', 'hmac-sha2-256-etm@openssh.com', 'hmac-sha2-512-etm@openssh.com', 'hmac-sha1-etm@openssh.com', 'umac-64@openssh.com', 'umac-128@openssh.com', 'hmac-sha2-256', 'hmac-sha2-512', 'hmac-sha1'] client compress:['none', 'zlib@openssh.com'] server compress:['none', 'zlib@openssh.com'] client lang:[''] server lang:[''] kex follows?False
DEB [20211129-16:16:06.436] thr=1   paramiko.transport: Kex agreed: curve25519-sha256@libssh.org
DEB [20211129-16:16:06.436] thr=1   paramiko.transport: HostKey agreed: ssh-ed25519
DEB [20211129-16:16:06.436] thr=1   paramiko.transport: Cipher agreed: aes128-ctr
DEB [20211129-16:16:06.437] thr=1   paramiko.transport: MAC agreed: hmac-sha2-256
DEB [20211129-16:16:06.437] thr=1   paramiko.transport: Compression agreed: none
DEB [20211129-16:16:06.452] thr=1   paramiko.transport: kex engine KexCurve25519 specified hash_algo <built-in function openssl_sha256>
DEB [20211129-16:16:06.453] thr=1   paramiko.transport: Switch to new keys ...
DEB [20211129-16:16:06.453] thr=2   paramiko.transport: Adding ssh-ed25519 host key for 192.168.1.15: b'34a27412358b0e2edec90c5da4fa72a9'
DEB [20211129-16:16:06.495] thr=1   paramiko.transport: userauth is OK
INF [20211129-16:16:06.527] thr=1   paramiko.transport: Authentication (password) successful!
DEB [20211129-16:16:06.528] thr=2   paramiko.transport: [chan 0] Max packet in: 32768 bytes
DEB [20211129-16:16:07.273] thr=1   paramiko.transport: Received global request "hostkeys-00@openssh.com"
DEB [20211129-16:16:07.273] thr=1   paramiko.transport: Rejecting "hostkeys-00@openssh.com" global request from server.
DEB [20211129-16:16:07.313] thr=1   paramiko.transport: [chan 0] Max packet out: 32768 bytes
DEB [20211129-16:16:07.314] thr=1   paramiko.transport: Secsh channel 0 opened.
DEB [20211129-16:16:07.316] thr=1   paramiko.transport: [chan 0] Sesch channel 0 request ok
DEB [20211129-16:16:07.324] thr=1   paramiko.transport: [chan 0] EOF received (0)
DEB [20211129-16:16:07.324] thr=1   paramiko.transport: [chan 0] EOF sent (0)
DEB [20211129-16:16:07.325] thr=1   paramiko.transport: Dropping user packet because connection is dead.
DEB [20211129-16:16:27.313] thr=1   paramiko.transport: starting thread (client mode): 0xebfaebe0
DEB [20211129-16:16:27.313] thr=1   paramiko.transport: Local version/idstring: SSH-2.0-paramiko_2.8.0
DEB [20211129-16:16:27.346] thr=1   paramiko.transport: Remote version/idstring: SSH-2.0-OpenSSH_8.2p1 Ubuntu-4ubuntu0.3
INF [20211129-16:16:27.346] thr=1   paramiko.transport: Connected (version 2.0, client OpenSSH_8.2p1)
DEB [20211129-16:16:27.348] thr=1   paramiko.transport: kex algos:['curve25519-sha256', 'curve25519-sha256@libssh.org', 'ecdh-sha2-nistp256', 'ecdh-sha2-nistp384', 'ecdh-sha2-nistp521', 'diffie-hellman-group-exchange-sha256', 'diffie-hellman-group16-sha512', 'diffie-hellman-group18-sha512', 'diffie-hellman-group14-sha256'] server key:['rsa-sha2-512', 'rsa-sha2-256', 'ssh-rsa', 'ecdsa-sha2-nistp256', 'ssh-ed25519'] client encrypt:['chacha20-poly1305@openssh.com', 'aes128-ctr', 'aes192-ctr', 'aes256-ctr', 'aes128-gcm@openssh.com', 'aes256-gcm@openssh.com'] server encrypt:['chacha20-poly1305@openssh.com', 'aes128-ctr', 'aes192-ctr', 'aes256-ctr', 'aes128-gcm@openssh.com', 'aes256-gcm@openssh.com'] client mac:['umac-64-etm@openssh.com', 'umac-128-etm@openssh.com', 'hmac-sha2-256-etm@openssh.com', 'hmac-sha2-512-etm@openssh.com', 'hmac-sha1-etm@openssh.com', 'umac-64@openssh.com', 'umac-128@openssh.com', 'hmac-sha2-256', 'hmac-sha2-512', 'hmac-sha1'] server mac:['umac-64-etm@openssh.com', 'umac-128-etm@openssh.com', 'hmac-sha2-256-etm@openssh.com', 'hmac-sha2-512-etm@openssh.com', 'hmac-sha1-etm@openssh.com', 'umac-64@openssh.com', 'umac-128@openssh.com', 'hmac-sha2-256', 'hmac-sha2-512', 'hmac-sha1'] client compress:['none', 'zlib@openssh.com'] server compress:['none', 'zlib@openssh.com'] client lang:[''] server lang:[''] kex follows?False
DEB [20211129-16:16:27.348] thr=1   paramiko.transport: Kex agreed: curve25519-sha256@libssh.org
DEB [20211129-16:16:27.348] thr=1   paramiko.transport: HostKey agreed: ssh-ed25519
DEB [20211129-16:16:27.349] thr=1   paramiko.transport: Cipher agreed: aes128-ctr
DEB [20211129-16:16:27.349] thr=1   paramiko.transport: MAC agreed: hmac-sha2-256
DEB [20211129-16:16:27.349] thr=1   paramiko.transport: Compression agreed: none
DEB [20211129-16:16:27.362] thr=1   paramiko.transport: kex engine KexCurve25519 specified hash_algo <built-in function openssl_sha256>
DEB [20211129-16:16:27.363] thr=1   paramiko.transport: Switch to new keys ...
DEB [20211129-16:16:27.363] thr=2   paramiko.transport: Adding ssh-ed25519 host key for 192.168.1.15: b'34a27412358b0e2edec90c5da4fa72a9'
DEB [20211129-16:16:27.425] thr=1   paramiko.transport: userauth is OK
INF [20211129-16:16:27.457] thr=1   paramiko.transport: Authentication (password) successful!
DEB [20211129-16:16:27.459] thr=2   paramiko.transport: [chan 0] Max packet in: 32768 bytes
DEB [20211129-16:16:28.211] thr=1   paramiko.transport: Received global request "hostkeys-00@openssh.com"
DEB [20211129-16:16:28.211] thr=1   paramiko.transport: Rejecting "hostkeys-00@openssh.com" global request from server.
DEB [20211129-16:16:28.251] thr=1   paramiko.transport: [chan 0] Max packet out: 32768 bytes
DEB [20211129-16:16:28.252] thr=1   paramiko.transport: Secsh channel 0 opened.
DEB [20211129-16:16:28.254] thr=1   paramiko.transport: [chan 0] Sesch channel 0 request ok
DEB [20211129-16:16:28.263] thr=1   paramiko.transport: [chan 0] EOF received (0)
DEB [20211129-16:16:28.263] thr=1   paramiko.transport: [chan 0] EOF sent (0)
DEB [20211129-16:16:28.264] thr=1   paramiko.transport: EOF in transport thread
DEB [20211129-16:18:53.168] thr=1   paramiko.transport: starting thread (client mode): 0xef2eeb50
DEB [20211129-16:18:53.168] thr=1   paramiko.transport: Local version/idstring: SSH-2.0-paramiko_2.8.0
DEB [20211129-16:18:53.198] thr=1   paramiko.transport: Remote version/idstring: SSH-2.0-OpenSSH_8.2p1 Ubuntu-4ubuntu0.3
INF [20211129-16:18:53.198] thr=1   paramiko.transport: Connected (version 2.0, client OpenSSH_8.2p1)
DEB [20211129-16:18:53.200] thr=1   paramiko.transport: kex algos:['curve25519-sha256', 'curve25519-sha256@libssh.org', 'ecdh-sha2-nistp256', 'ecdh-sha2-nistp384', 'ecdh-sha2-nistp521', 'diffie-hellman-group-exchange-sha256', 'diffie-hellman-group16-sha512', 'diffie-hellman-group18-sha512', 'diffie-hellman-group14-sha256'] server key:['rsa-sha2-512', 'rsa-sha2-256', 'ssh-rsa', 'ecdsa-sha2-nistp256', 'ssh-ed25519'] client encrypt:['chacha20-poly1305@openssh.com', 'aes128-ctr', 'aes192-ctr', 'aes256-ctr', 'aes128-gcm@openssh.com', 'aes256-gcm@openssh.com'] server encrypt:['chacha20-poly1305@openssh.com', 'aes128-ctr', 'aes192-ctr', 'aes256-ctr', 'aes128-gcm@openssh.com', 'aes256-gcm@openssh.com'] client mac:['umac-64-etm@openssh.com', 'umac-128-etm@openssh.com', 'hmac-sha2-256-etm@openssh.com', 'hmac-sha2-512-etm@openssh.com', 'hmac-sha1-etm@openssh.com', 'umac-64@openssh.com', 'umac-128@openssh.com', 'hmac-sha2-256', 'hmac-sha2-512', 'hmac-sha1'] server mac:['umac-64-etm@openssh.com', 'umac-128-etm@openssh.com', 'hmac-sha2-256-etm@openssh.com', 'hmac-sha2-512-etm@openssh.com', 'hmac-sha1-etm@openssh.com', 'umac-64@openssh.com', 'umac-128@openssh.com', 'hmac-sha2-256', 'hmac-sha2-512', 'hmac-sha1'] client compress:['none', 'zlib@openssh.com'] server compress:['none', 'zlib@openssh.com'] client lang:[''] server lang:[''] kex follows?False
DEB [20211129-16:18:53.200] thr=1   paramiko.transport: Kex agreed: curve25519-sha256@libssh.org
DEB [20211129-16:18:53.201] thr=1   paramiko.transport: HostKey agreed: ssh-ed25519
DEB [20211129-16:18:53.202] thr=1   paramiko.transport: Cipher agreed: aes128-ctr
DEB [20211129-16:18:53.202] thr=1   paramiko.transport: MAC agreed: hmac-sha2-256
DEB [20211129-16:18:53.202] thr=1   paramiko.transport: Compression agreed: none
DEB [20211129-16:18:53.227] thr=1   paramiko.transport: kex engine KexCurve25519 specified hash_algo <built-in function openssl_sha256>
DEB [20211129-16:18:53.228] thr=1   paramiko.transport: Switch to new keys ...
DEB [20211129-16:18:53.229] thr=2   paramiko.transport: Adding ssh-ed25519 host key for 192.168.1.15: b'34a27412358b0e2edec90c5da4fa72a9'
DEB [20211129-16:18:53.303] thr=1   paramiko.transport: userauth is OK
INF [20211129-16:18:53.336] thr=1   paramiko.transport: Authentication (password) successful!
DEB [20211129-16:18:53.338] thr=2   paramiko.transport: [chan 0] Max packet in: 32768 bytes
DEB [20211129-16:18:54.091] thr=1   paramiko.transport: Received global request "hostkeys-00@openssh.com"
DEB [20211129-16:18:54.091] thr=1   paramiko.transport: Rejecting "hostkeys-00@openssh.com" global request from server.
DEB [20211129-16:18:54.138] thr=1   paramiko.transport: [chan 0] Max packet out: 32768 bytes
DEB [20211129-16:18:54.139] thr=1   paramiko.transport: Secsh channel 0 opened.
DEB [20211129-16:18:54.142] thr=1   paramiko.transport: [chan 0] Sesch channel 0 request ok
DEB [20211129-16:18:54.156] thr=1   paramiko.transport: [chan 0] EOF received (0)
DEB [20211129-16:18:54.157] thr=1   paramiko.transport: EOF in transport thread
DEB [20211129-16:18:54.157] thr=2   paramiko.transport: [chan 0] EOF sent (0)
DEB [20211129-16:18:54.158] thr=2   paramiko.transport: Dropping user packet because connection is dead.
DEB [20211129-16:19:18.626] thr=1   paramiko.transport: starting thread (client mode): 0xee65ebb0
DEB [20211129-16:19:18.626] thr=1   paramiko.transport: Local version/idstring: SSH-2.0-paramiko_2.8.0
DEB [20211129-16:19:18.639] thr=1   paramiko.transport: Remote version/idstring: SSH-2.0-OpenSSH_8.2p1 Ubuntu-4ubuntu0.3
INF [20211129-16:19:18.639] thr=1   paramiko.transport: Connected (version 2.0, client OpenSSH_8.2p1)
DEB [20211129-16:19:18.641] thr=1   paramiko.transport: kex algos:['curve25519-sha256', 'curve25519-sha256@libssh.org', 'ecdh-sha2-nistp256', 'ecdh-sha2-nistp384', 'ecdh-sha2-nistp521', 'diffie-hellman-group-exchange-sha256', 'diffie-hellman-group16-sha512', 'diffie-hellman-group18-sha512', 'diffie-hellman-group14-sha256'] server key:['rsa-sha2-512', 'rsa-sha2-256', 'ssh-rsa', 'ecdsa-sha2-nistp256', 'ssh-ed25519'] client encrypt:['chacha20-poly1305@openssh.com', 'aes128-ctr', 'aes192-ctr', 'aes256-ctr', 'aes128-gcm@openssh.com', 'aes256-gcm@openssh.com'] server encrypt:['chacha20-poly1305@openssh.com', 'aes128-ctr', 'aes192-ctr', 'aes256-ctr', 'aes128-gcm@openssh.com', 'aes256-gcm@openssh.com'] client mac:['umac-64-etm@openssh.com', 'umac-128-etm@openssh.com', 'hmac-sha2-256-etm@openssh.com', 'hmac-sha2-512-etm@openssh.com', 'hmac-sha1-etm@openssh.com', 'umac-64@openssh.com', 'umac-128@openssh.com', 'hmac-sha2-256', 'hmac-sha2-512', 'hmac-sha1'] server mac:['umac-64-etm@openssh.com', 'umac-128-etm@openssh.com', 'hmac-sha2-256-etm@openssh.com', 'hmac-sha2-512-etm@openssh.com', 'hmac-sha1-etm@openssh.com', 'umac-64@openssh.com', 'umac-128@openssh.com', 'hmac-sha2-256', 'hmac-sha2-512', 'hmac-sha1'] client compress:['none', 'zlib@openssh.com'] server compress:['none', 'zlib@openssh.com'] client lang:[''] server lang:[''] kex follows?False
DEB [20211129-16:19:18.641] thr=1   paramiko.transport: Kex agreed: curve25519-sha256@libssh.org
DEB [20211129-16:19:18.642] thr=1   paramiko.transport: HostKey agreed: ssh-ed25519
DEB [20211129-16:19:18.642] thr=1   paramiko.transport: Cipher agreed: aes128-ctr
DEB [20211129-16:19:18.642] thr=1   paramiko.transport: MAC agreed: hmac-sha2-256
DEB [20211129-16:19:18.642] thr=1   paramiko.transport: Compression agreed: none
DEB [20211129-16:19:18.656] thr=1   paramiko.transport: kex engine KexCurve25519 specified hash_algo <built-in function openssl_sha256>
DEB [20211129-16:19:18.657] thr=1   paramiko.transport: Switch to new keys ...
DEB [20211129-16:19:18.658] thr=2   paramiko.transport: Adding ssh-ed25519 host key for 192.168.1.15: b'34a27412358b0e2edec90c5da4fa72a9'
DEB [20211129-16:19:18.702] thr=1   paramiko.transport: userauth is OK
INF [20211129-16:19:18.734] thr=1   paramiko.transport: Authentication (password) successful!
DEB [20211129-16:19:18.735] thr=2   paramiko.transport: [chan 0] Max packet in: 32768 bytes
DEB [20211129-16:19:19.454] thr=1   paramiko.transport: Received global request "hostkeys-00@openssh.com"
DEB [20211129-16:19:19.454] thr=1   paramiko.transport: Rejecting "hostkeys-00@openssh.com" global request from server.
DEB [20211129-16:19:19.493] thr=1   paramiko.transport: [chan 0] Max packet out: 32768 bytes
DEB [20211129-16:19:19.494] thr=1   paramiko.transport: Secsh channel 0 opened.
DEB [20211129-16:19:19.496] thr=1   paramiko.transport: [chan 0] Sesch channel 0 request ok
DEB [20211129-16:19:19.508] thr=1   paramiko.transport: [chan 0] EOF received (0)
DEB [20211129-16:19:19.508] thr=1   paramiko.transport: EOF in transport thread
DEB [20211129-16:19:19.509] thr=2   paramiko.transport: [chan 0] EOF sent (0)
DEB [20211129-16:19:19.509] thr=2   paramiko.transport: Dropping user packet because connection is dead.
DEB [20211129-16:29:51.902] thr=1   paramiko.transport: starting thread (client mode): 0xac85fbe0
DEB [20211129-16:29:51.904] thr=1   paramiko.transport: Local version/idstring: SSH-2.0-paramiko_2.8.0
DEB [20211129-16:29:51.931] thr=1   paramiko.transport: Remote version/idstring: SSH-2.0-OpenSSH_8.2p1 Ubuntu-4ubuntu0.3
INF [20211129-16:29:51.931] thr=1   paramiko.transport: Connected (version 2.0, client OpenSSH_8.2p1)
DEB [20211129-16:29:51.933] thr=1   paramiko.transport: kex algos:['curve25519-sha256', 'curve25519-sha256@libssh.org', 'ecdh-sha2-nistp256', 'ecdh-sha2-nistp384', 'ecdh-sha2-nistp521', 'diffie-hellman-group-exchange-sha256', 'diffie-hellman-group16-sha512', 'diffie-hellman-group18-sha512', 'diffie-hellman-group14-sha256'] server key:['rsa-sha2-512', 'rsa-sha2-256', 'ssh-rsa', 'ecdsa-sha2-nistp256', 'ssh-ed25519'] client encrypt:['chacha20-poly1305@openssh.com', 'aes128-ctr', 'aes192-ctr', 'aes256-ctr', 'aes128-gcm@openssh.com', 'aes256-gcm@openssh.com'] server encrypt:['chacha20-poly1305@openssh.com', 'aes128-ctr', 'aes192-ctr', 'aes256-ctr', 'aes128-gcm@openssh.com', 'aes256-gcm@openssh.com'] client mac:['umac-64-etm@openssh.com', 'umac-128-etm@openssh.com', 'hmac-sha2-256-etm@openssh.com', 'hmac-sha2-512-etm@openssh.com', 'hmac-sha1-etm@openssh.com', 'umac-64@openssh.com', 'umac-128@openssh.com', 'hmac-sha2-256', 'hmac-sha2-512', 'hmac-sha1'] server mac:['umac-64-etm@openssh.com', 'umac-128-etm@openssh.com', 'hmac-sha2-256-etm@openssh.com', 'hmac-sha2-512-etm@openssh.com', 'hmac-sha1-etm@openssh.com', 'umac-64@openssh.com', 'umac-128@openssh.com', 'hmac-sha2-256', 'hmac-sha2-512', 'hmac-sha1'] client compress:['none', 'zlib@openssh.com'] server compress:['none', 'zlib@openssh.com'] client lang:[''] server lang:[''] kex follows?False
DEB [20211129-16:29:51.933] thr=1   paramiko.transport: Kex agreed: curve25519-sha256@libssh.org
DEB [20211129-16:29:51.935] thr=1   paramiko.transport: HostKey agreed: ssh-ed25519
DEB [20211129-16:29:51.935] thr=1   paramiko.transport: Cipher agreed: aes128-ctr
DEB [20211129-16:29:51.935] thr=1   paramiko.transport: MAC agreed: hmac-sha2-256
DEB [20211129-16:29:51.935] thr=1   paramiko.transport: Compression agreed: none
DEB [20211129-16:29:51.959] thr=1   paramiko.transport: kex engine KexCurve25519 specified hash_algo <built-in function openssl_sha256>
DEB [20211129-16:29:51.960] thr=1   paramiko.transport: Switch to new keys ...
DEB [20211129-16:29:51.961] thr=2   paramiko.transport: Adding ssh-ed25519 host key for 192.168.1.15: b'34a27412358b0e2edec90c5da4fa72a9'
DEB [20211129-16:29:52.036] thr=1   paramiko.transport: userauth is OK
INF [20211129-16:29:52.068] thr=1   paramiko.transport: Authentication (password) successful!
DEB [20211129-16:29:52.070] thr=2   paramiko.transport: [chan 0] Max packet in: 32768 bytes
DEB [20211129-16:29:52.733] thr=1   paramiko.transport: Received global request "hostkeys-00@openssh.com"
DEB [20211129-16:29:52.733] thr=1   paramiko.transport: Rejecting "hostkeys-00@openssh.com" global request from server.
DEB [20211129-16:29:52.773] thr=1   paramiko.transport: [chan 0] Max packet out: 32768 bytes
DEB [20211129-16:29:52.774] thr=1   paramiko.transport: Secsh channel 0 opened.
DEB [20211129-16:29:52.776] thr=1   paramiko.transport: [chan 0] Sesch channel 0 request ok
DEB [20211129-16:29:52.784] thr=1   paramiko.transport: [chan 0] EOF received (0)
DEB [20211129-16:29:52.785] thr=1   paramiko.transport: [chan 0] EOF sent (0)
DEB [20211129-16:29:52.786] thr=1   paramiko.transport: EOF in transport thread
DEB [20211129-16:31:04.472] thr=1   paramiko.transport: starting thread (client mode): 0xfd0dfc10
DEB [20211129-16:31:04.473] thr=1   paramiko.transport: Local version/idstring: SSH-2.0-paramiko_2.8.0
DEB [20211129-16:31:04.480] thr=1   paramiko.transport: Remote version/idstring: SSH-2.0-OpenSSH_8.2p1 Ubuntu-4ubuntu0.3
INF [20211129-16:31:04.480] thr=1   paramiko.transport: Connected (version 2.0, client OpenSSH_8.2p1)
DEB [20211129-16:31:04.481] thr=1   paramiko.transport: kex algos:['curve25519-sha256', 'curve25519-sha256@libssh.org', 'ecdh-sha2-nistp256', 'ecdh-sha2-nistp384', 'ecdh-sha2-nistp521', 'diffie-hellman-group-exchange-sha256', 'diffie-hellman-group16-sha512', 'diffie-hellman-group18-sha512', 'diffie-hellman-group14-sha256'] server key:['rsa-sha2-512', 'rsa-sha2-256', 'ssh-rsa', 'ecdsa-sha2-nistp256', 'ssh-ed25519'] client encrypt:['chacha20-poly1305@openssh.com', 'aes128-ctr', 'aes192-ctr', 'aes256-ctr', 'aes128-gcm@openssh.com', 'aes256-gcm@openssh.com'] server encrypt:['chacha20-poly1305@openssh.com', 'aes128-ctr', 'aes192-ctr', 'aes256-ctr', 'aes128-gcm@openssh.com', 'aes256-gcm@openssh.com'] client mac:['umac-64-etm@openssh.com', 'umac-128-etm@openssh.com', 'hmac-sha2-256-etm@openssh.com', 'hmac-sha2-512-etm@openssh.com', 'hmac-sha1-etm@openssh.com', 'umac-64@openssh.com', 'umac-128@openssh.com', 'hmac-sha2-256', 'hmac-sha2-512', 'hmac-sha1'] server mac:['umac-64-etm@openssh.com', 'umac-128-etm@openssh.com', 'hmac-sha2-256-etm@openssh.com', 'hmac-sha2-512-etm@openssh.com', 'hmac-sha1-etm@openssh.com', 'umac-64@openssh.com', 'umac-128@openssh.com', 'hmac-sha2-256', 'hmac-sha2-512', 'hmac-sha1'] client compress:['none', 'zlib@openssh.com'] server compress:['none', 'zlib@openssh.com'] client lang:[''] server lang:[''] kex follows?False
DEB [20211129-16:31:04.482] thr=1   paramiko.transport: Kex agreed: curve25519-sha256@libssh.org
DEB [20211129-16:31:04.482] thr=1   paramiko.transport: HostKey agreed: ssh-ed25519
DEB [20211129-16:31:04.482] thr=1   paramiko.transport: Cipher agreed: aes128-ctr
DEB [20211129-16:31:04.482] thr=1   paramiko.transport: MAC agreed: hmac-sha2-256
DEB [20211129-16:31:04.482] thr=1   paramiko.transport: Compression agreed: none
DEB [20211129-16:31:04.493] thr=1   paramiko.transport: kex engine KexCurve25519 specified hash_algo <built-in function openssl_sha256>
DEB [20211129-16:31:04.494] thr=1   paramiko.transport: Switch to new keys ...
DEB [20211129-16:31:04.494] thr=2   paramiko.transport: Adding ssh-ed25519 host key for 192.168.1.15: b'34a27412358b0e2edec90c5da4fa72a9'
DEB [20211129-16:31:04.544] thr=1   paramiko.transport: userauth is OK
INF [20211129-16:31:04.577] thr=1   paramiko.transport: Authentication (password) successful!
DEB [20211129-16:31:04.578] thr=2   paramiko.transport: [chan 0] Max packet in: 32768 bytes
DEB [20211129-16:31:05.322] thr=1   paramiko.transport: Received global request "hostkeys-00@openssh.com"
DEB [20211129-16:31:05.322] thr=1   paramiko.transport: Rejecting "hostkeys-00@openssh.com" global request from server.
DEB [20211129-16:31:05.362] thr=1   paramiko.transport: [chan 0] Max packet out: 32768 bytes
DEB [20211129-16:31:05.363] thr=1   paramiko.transport: Secsh channel 0 opened.
DEB [20211129-16:31:05.366] thr=1   paramiko.transport: [chan 0] Sesch channel 0 request ok
DEB [20211129-16:31:05.374] thr=1   paramiko.transport: [chan 0] EOF received (0)
DEB [20211129-16:31:05.375] thr=1   paramiko.transport: EOF in transport thread
DEB [20211129-16:31:05.375] thr=2   paramiko.transport: [chan 0] EOF sent (0)
DEB [20211129-16:31:05.376] thr=2   paramiko.transport: Dropping user packet because connection is dead.
DEB [20211129-16:33:02.135] thr=1   paramiko.transport: starting thread (client mode): 0x1b05fc10
DEB [20211129-16:33:02.136] thr=1   paramiko.transport: Local version/idstring: SSH-2.0-paramiko_2.8.0
DEB [20211129-16:33:02.151] thr=1   paramiko.transport: Remote version/idstring: SSH-2.0-OpenSSH_8.2p1 Ubuntu-4ubuntu0.3
INF [20211129-16:33:02.152] thr=1   paramiko.transport: Connected (version 2.0, client OpenSSH_8.2p1)
DEB [20211129-16:33:02.153] thr=1   paramiko.transport: kex algos:['curve25519-sha256', 'curve25519-sha256@libssh.org', 'ecdh-sha2-nistp256', 'ecdh-sha2-nistp384', 'ecdh-sha2-nistp521', 'diffie-hellman-group-exchange-sha256', 'diffie-hellman-group16-sha512', 'diffie-hellman-group18-sha512', 'diffie-hellman-group14-sha256'] server key:['rsa-sha2-512', 'rsa-sha2-256', 'ssh-rsa', 'ecdsa-sha2-nistp256', 'ssh-ed25519'] client encrypt:['chacha20-poly1305@openssh.com', 'aes128-ctr', 'aes192-ctr', 'aes256-ctr', 'aes128-gcm@openssh.com', 'aes256-gcm@openssh.com'] server encrypt:['chacha20-poly1305@openssh.com', 'aes128-ctr', 'aes192-ctr', 'aes256-ctr', 'aes128-gcm@openssh.com', 'aes256-gcm@openssh.com'] client mac:['umac-64-etm@openssh.com', 'umac-128-etm@openssh.com', 'hmac-sha2-256-etm@openssh.com', 'hmac-sha2-512-etm@openssh.com', 'hmac-sha1-etm@openssh.com', 'umac-64@openssh.com', 'umac-128@openssh.com', 'hmac-sha2-256', 'hmac-sha2-512', 'hmac-sha1'] server mac:['umac-64-etm@openssh.com', 'umac-128-etm@openssh.com', 'hmac-sha2-256-etm@openssh.com', 'hmac-sha2-512-etm@openssh.com', 'hmac-sha1-etm@openssh.com', 'umac-64@openssh.com', 'umac-128@openssh.com', 'hmac-sha2-256', 'hmac-sha2-512', 'hmac-sha1'] client compress:['none', 'zlib@openssh.com'] server compress:['none', 'zlib@openssh.com'] client lang:[''] server lang:[''] kex follows?False
DEB [20211129-16:33:02.154] thr=1   paramiko.transport: Kex agreed: curve25519-sha256@libssh.org
DEB [20211129-16:33:02.154] thr=1   paramiko.transport: HostKey agreed: ssh-ed25519
DEB [20211129-16:33:02.154] thr=1   paramiko.transport: Cipher agreed: aes128-ctr
DEB [20211129-16:33:02.154] thr=1   paramiko.transport: MAC agreed: hmac-sha2-256
DEB [20211129-16:33:02.154] thr=1   paramiko.transport: Compression agreed: none
DEB [20211129-16:33:02.189] thr=1   paramiko.transport: kex engine KexCurve25519 specified hash_algo <built-in function openssl_sha256>
DEB [20211129-16:33:02.190] thr=1   paramiko.transport: Switch to new keys ...
DEB [20211129-16:33:02.190] thr=2   paramiko.transport: Adding ssh-ed25519 host key for 192.168.1.15: b'34a27412358b0e2edec90c5da4fa72a9'
DEB [20211129-16:33:02.246] thr=1   paramiko.transport: userauth is OK
INF [20211129-16:33:02.309] thr=1   paramiko.transport: Authentication (password) successful!
DEB [20211129-16:33:02.311] thr=2   paramiko.transport: [chan 0] Max packet in: 32768 bytes
DEB [20211129-16:33:02.979] thr=1   paramiko.transport: Received global request "hostkeys-00@openssh.com"
DEB [20211129-16:33:02.979] thr=1   paramiko.transport: Rejecting "hostkeys-00@openssh.com" global request from server.
DEB [20211129-16:33:03.019] thr=1   paramiko.transport: [chan 0] Max packet out: 32768 bytes
DEB [20211129-16:33:03.020] thr=1   paramiko.transport: Secsh channel 0 opened.
DEB [20211129-16:33:03.022] thr=1   paramiko.transport: [chan 0] Sesch channel 0 request ok
DEB [20211129-16:33:03.030] thr=1   paramiko.transport: [chan 0] EOF received (0)
DEB [20211129-16:33:03.031] thr=1   paramiko.transport: EOF in transport thread
DEB [20211129-16:33:03.031] thr=2   paramiko.transport: [chan 0] EOF sent (0)
DEB [20211129-16:33:03.032] thr=2   paramiko.transport: Dropping user packet because connection is dead.
DEB [20211130-20:04:51.646] thr=1   paramiko.transport: starting thread (client mode): 0xbd7bebb0
DEB [20211130-20:04:51.647] thr=1   paramiko.transport: Local version/idstring: SSH-2.0-paramiko_2.8.0
DEB [20211130-20:04:51.673] thr=1   paramiko.transport: Remote version/idstring: SSH-2.0-OpenSSH_8.2p1 Ubuntu-4ubuntu0.3
INF [20211130-20:04:51.673] thr=1   paramiko.transport: Connected (version 2.0, client OpenSSH_8.2p1)
DEB [20211130-20:04:51.676] thr=1   paramiko.transport: kex algos:['curve25519-sha256', 'curve25519-sha256@libssh.org', 'ecdh-sha2-nistp256', 'ecdh-sha2-nistp384', 'ecdh-sha2-nistp521', 'diffie-hellman-group-exchange-sha256', 'diffie-hellman-group16-sha512', 'diffie-hellman-group18-sha512', 'diffie-hellman-group14-sha256'] server key:['rsa-sha2-512', 'rsa-sha2-256', 'ssh-rsa', 'ecdsa-sha2-nistp256', 'ssh-ed25519'] client encrypt:['chacha20-poly1305@openssh.com', 'aes128-ctr', 'aes192-ctr', 'aes256-ctr', 'aes128-gcm@openssh.com', 'aes256-gcm@openssh.com'] server encrypt:['chacha20-poly1305@openssh.com', 'aes128-ctr', 'aes192-ctr', 'aes256-ctr', 'aes128-gcm@openssh.com', 'aes256-gcm@openssh.com'] client mac:['umac-64-etm@openssh.com', 'umac-128-etm@openssh.com', 'hmac-sha2-256-etm@openssh.com', 'hmac-sha2-512-etm@openssh.com', 'hmac-sha1-etm@openssh.com', 'umac-64@openssh.com', 'umac-128@openssh.com', 'hmac-sha2-256', 'hmac-sha2-512', 'hmac-sha1'] server mac:['umac-64-etm@openssh.com', 'umac-128-etm@openssh.com', 'hmac-sha2-256-etm@openssh.com', 'hmac-sha2-512-etm@openssh.com', 'hmac-sha1-etm@openssh.com', 'umac-64@openssh.com', 'umac-128@openssh.com', 'hmac-sha2-256', 'hmac-sha2-512', 'hmac-sha1'] client compress:['none', 'zlib@openssh.com'] server compress:['none', 'zlib@openssh.com'] client lang:[''] server lang:[''] kex follows?False
DEB [20211130-20:04:51.676] thr=1   paramiko.transport: Kex agreed: curve25519-sha256@libssh.org
DEB [20211130-20:04:51.677] thr=1   paramiko.transport: HostKey agreed: ssh-ed25519
DEB [20211130-20:04:51.678] thr=1   paramiko.transport: Cipher agreed: aes128-ctr
DEB [20211130-20:04:51.678] thr=1   paramiko.transport: MAC agreed: hmac-sha2-256
DEB [20211130-20:04:51.678] thr=1   paramiko.transport: Compression agreed: none
DEB [20211130-20:04:51.704] thr=1   paramiko.transport: kex engine KexCurve25519 specified hash_algo <built-in function openssl_sha256>
DEB [20211130-20:04:51.705] thr=1   paramiko.transport: Switch to new keys ...
DEB [20211130-20:04:51.706] thr=2   paramiko.transport: Adding ssh-ed25519 host key for 192.168.1.15: b'34a27412358b0e2edec90c5da4fa72a9'
DEB [20211130-20:04:51.782] thr=1   paramiko.transport: userauth is OK
INF [20211130-20:04:51.814] thr=1   paramiko.transport: Authentication (password) successful!
DEB [20211130-20:04:51.816] thr=2   paramiko.transport: [chan 0] Max packet in: 32768 bytes
DEB [20211130-20:04:52.480] thr=1   paramiko.transport: Received global request "hostkeys-00@openssh.com"
DEB [20211130-20:04:52.480] thr=1   paramiko.transport: Rejecting "hostkeys-00@openssh.com" global request from server.
DEB [20211130-20:04:52.521] thr=1   paramiko.transport: [chan 0] Max packet out: 32768 bytes
DEB [20211130-20:04:52.521] thr=1   paramiko.transport: Secsh channel 0 opened.
DEB [20211130-20:04:52.525] thr=1   paramiko.transport: [chan 0] Sesch channel 0 request ok
DEB [20211130-20:04:52.535] thr=1   paramiko.transport: [chan 0] EOF received (0)
DEB [20211130-20:04:52.536] thr=1   paramiko.transport: EOF in transport thread
DEB [20211130-20:04:52.536] thr=2   paramiko.transport: [chan 0] EOF sent (0)
DEB [20211130-20:04:52.537] thr=2   paramiko.transport: Dropping user packet because connection is dead.
DEB [20211130-20:06:38.226] thr=1   paramiko.transport: starting thread (client mode): 0x6a65fc10
DEB [20211130-20:06:38.227] thr=1   paramiko.transport: Local version/idstring: SSH-2.0-paramiko_2.8.0
DEB [20211130-20:06:38.249] thr=1   paramiko.transport: Remote version/idstring: SSH-2.0-OpenSSH_8.2p1 Ubuntu-4ubuntu0.3
INF [20211130-20:06:38.250] thr=1   paramiko.transport: Connected (version 2.0, client OpenSSH_8.2p1)
DEB [20211130-20:06:38.253] thr=1   paramiko.transport: kex algos:['curve25519-sha256', 'curve25519-sha256@libssh.org', 'ecdh-sha2-nistp256', 'ecdh-sha2-nistp384', 'ecdh-sha2-nistp521', 'diffie-hellman-group-exchange-sha256', 'diffie-hellman-group16-sha512', 'diffie-hellman-group18-sha512', 'diffie-hellman-group14-sha256'] server key:['rsa-sha2-512', 'rsa-sha2-256', 'ssh-rsa', 'ecdsa-sha2-nistp256', 'ssh-ed25519'] client encrypt:['chacha20-poly1305@openssh.com', 'aes128-ctr', 'aes192-ctr', 'aes256-ctr', 'aes128-gcm@openssh.com', 'aes256-gcm@openssh.com'] server encrypt:['chacha20-poly1305@openssh.com', 'aes128-ctr', 'aes192-ctr', 'aes256-ctr', 'aes128-gcm@openssh.com', 'aes256-gcm@openssh.com'] client mac:['umac-64-etm@openssh.com', 'umac-128-etm@openssh.com', 'hmac-sha2-256-etm@openssh.com', 'hmac-sha2-512-etm@openssh.com', 'hmac-sha1-etm@openssh.com', 'umac-64@openssh.com', 'umac-128@openssh.com', 'hmac-sha2-256', 'hmac-sha2-512', 'hmac-sha1'] server mac:['umac-64-etm@openssh.com', 'umac-128-etm@openssh.com', 'hmac-sha2-256-etm@openssh.com', 'hmac-sha2-512-etm@openssh.com', 'hmac-sha1-etm@openssh.com', 'umac-64@openssh.com', 'umac-128@openssh.com', 'hmac-sha2-256', 'hmac-sha2-512', 'hmac-sha1'] client compress:['none', 'zlib@openssh.com'] server compress:['none', 'zlib@openssh.com'] client lang:[''] server lang:[''] kex follows?False
DEB [20211130-20:06:38.253] thr=1   paramiko.transport: Kex agreed: curve25519-sha256@libssh.org
DEB [20211130-20:06:38.253] thr=1   paramiko.transport: HostKey agreed: ssh-ed25519
DEB [20211130-20:06:38.254] thr=1   paramiko.transport: Cipher agreed: aes128-ctr
DEB [20211130-20:06:38.254] thr=1   paramiko.transport: MAC agreed: hmac-sha2-256
DEB [20211130-20:06:38.254] thr=1   paramiko.transport: Compression agreed: none
DEB [20211130-20:06:38.274] thr=1   paramiko.transport: kex engine KexCurve25519 specified hash_algo <built-in function openssl_sha256>
DEB [20211130-20:06:38.274] thr=1   paramiko.transport: Switch to new keys ...
DEB [20211130-20:06:38.275] thr=2   paramiko.transport: Adding ssh-ed25519 host key for 192.168.1.15: b'34a27412358b0e2edec90c5da4fa72a9'
DEB [20211130-20:06:38.323] thr=1   paramiko.transport: userauth is OK
INF [20211130-20:06:38.385] thr=1   paramiko.transport: Authentication (password) successful!
DEB [20211130-20:06:38.386] thr=2   paramiko.transport: [chan 0] Max packet in: 32768 bytes
DEB [20211130-20:06:38.993] thr=1   paramiko.transport: Received global request "hostkeys-00@openssh.com"
DEB [20211130-20:06:38.993] thr=1   paramiko.transport: Rejecting "hostkeys-00@openssh.com" global request from server.
DEB [20211130-20:06:39.037] thr=1   paramiko.transport: [chan 0] Max packet out: 32768 bytes
DEB [20211130-20:06:39.038] thr=1   paramiko.transport: Secsh channel 0 opened.
DEB [20211130-20:06:39.039] thr=1   paramiko.transport: [chan 0] Sesch channel 0 request ok
DEB [20211130-20:06:39.054] thr=1   paramiko.transport: [chan 0] EOF received (0)
DEB [20211130-20:06:39.054] thr=1   paramiko.transport: [chan 0] EOF sent (0)
DEB [20211130-20:06:39.055] thr=1   paramiko.transport: Dropping user packet because connection is dead.
